0 verbose cli [
0 verbose cli   'C:\\Program Files\\nodejs\\node.exe',
0 verbose cli   'C:\\Users\\Victor de flos\\AppData\\Roaming\\npm\\node_modules\\npm\\bin\\npm-cli.js',
0 verbose cli   'run',
0 verbose cli   'developt'
0 verbose cli ]
1 info using npm@7.15.1
2 info using node@v14.16.0
3 timing npm:load:whichnode Completed in 2ms
4 timing config:load:defaults Completed in 1ms
5 timing config:load:file:C:\Users\Victor de flos\AppData\Roaming\npm\node_modules\npm\npmrc Completed in 2ms
6 timing config:load:builtin Completed in 2ms
7 timing config:load:cli Completed in 1ms
8 timing config:load:env Completed in 0ms
9 timing config:load:file:D:\victordeflos.apps\victordeflos.gatsby.blog\.npmrc Completed in 0ms
10 timing config:load:project Completed in 1ms
11 timing config:load:file:C:\Users\Victor de flos\.npmrc Completed in 0ms
12 timing config:load:user Completed in 1ms
13 timing config:load:file:C:\Users\Victor de flos\AppData\Roaming\npm\etc\npmrc Completed in 0ms
14 timing config:load:global Completed in 0ms
15 timing config:load:validate Completed in 0ms
16 timing config:load:credentials Completed in 1ms
17 timing config:load:setEnvs Completed in 1ms
18 timing config:load Completed in 8ms
19 timing npm:load:configload Completed in 8ms
20 timing npm:load:setTitle Completed in 0ms
21 timing npm:load:setupLog Completed in 1ms
22 timing npm:load:cleanupLog Completed in 1ms
23 timing npm:load:configScope Completed in 0ms
24 timing npm:load:projectScope Completed in 0ms
25 timing npm:load Completed in 16ms
26 timing config:load:flatten Completed in 3ms
27 timing command:run-script Completed in 2ms
28 verbose stack Error: Missing script: "developt"
28 verbose stack
28 verbose stack Did you mean this?
28 verbose stack     npm run develop # run the "develop" package script
28 verbose stack
28 verbose stack To see a list of scripts, run:
28 verbose stack   npm run
28 verbose stack     at RunScript.run (C:\Users\Victor de flos\AppData\Roaming\npm\node_modules\npm\lib\run-script.js:105:13)
29 verbose cwd D:\victordeflos.apps\victordeflos.gatsby.blog
30 verbose Windows_NT 10.0.21390
31 verbose argv "C:\\Program Files\\nodejs\\node.exe" "C:\\Users\\Victor de flos\\AppData\\Roaming\\npm\\node_modules\\npm\\bin\\npm-cli.js" "run" "developt"
32 verbose node v14.16.0
33 verbose npm  v7.15.1
34 error Missing script: "developt"
34 error
34 error Did you mean this?
34 error     npm run develop # run the "develop" package script
34 error
34 error To see a list of scripts, run:
34 error   npm run
35 verbose exit 1
